Using pre-set license
Built from '6000.1/staging' branch; Version is '6000.1.0f1 (9ea152932a88) revision 10395986'; Using compiler version '194234433'; Build Type 'Release'
OS: 'Windows 11  (10.0.26100) 64bit Professional' Language: 'en' Physical Memory: 16309 MB
BatchMode: 1, IsHumanControllingUs: 0, StartBugReporterOnCrash: 0, Is64bit: 1, IsPro: 1
Date: 2025-07-30T20:08:05Z

COMMAND LINE ARGUMENTS:
D:\Unity\6000.1.0f1\Editor\Unity.exe
-adb2
-batchMode
-noUpm
-name
AssetImportWorker0
-projectPath
C:/Users/brian.DESKTOP-6J6BBL8/OneDrive/Documents/GitHub/GMTKGameJam/GMTKGameJam/TempName
-logFile
Logs/AssetImportWorker0.log
-srvPort
52910
-job-worker-count
7
-background-job-worker-count
8
-gc-helper-count
1
-name
AssetImport
Successfully changed project path to: C:/Users/brian.DESKTOP-6J6BBL8/OneDrive/Documents/GitHub/GMTKGameJam/GMTKGameJam/TempName
C:/Users/brian.DESKTOP-6J6BBL8/OneDrive/Documents/GitHub/GMTKGameJam/GMTKGameJam/TempName
[UnityMemory] Configuration Parameters - Can be set up in boot.config
    "memorysetup-allocator-temp-initial-block-size-main=262144"
    "memorysetup-allocator-temp-initial-block-size-worker=262144"
    "memorysetup-bucket-allocator-granularity=16"
    "memorysetup-bucket-allocator-bucket-count=8"
    "memorysetup-bucket-allocator-block-size=33554432"
    "memorysetup-bucket-allocator-block-count=8"
    "memorysetup-main-allocator-block-size=16777216"
    "memorysetup-thread-allocator-block-size=16777216"
    "memorysetup-gfx-main-allocator-block-size=16777216"
    "memorysetup-gfx-thread-allocator-block-size=16777216"
    "memorysetup-cache-allocator-block-size=4194304"
    "memorysetup-typetree-allocator-block-size=2097152"
    "memorysetup-profiler-bucket-allocator-granularity=16"
    "memorysetup-profiler-bucket-allocator-bucket-count=8"
    "memorysetup-profiler-bucket-allocator-block-size=33554432"
    "memorysetup-profiler-bucket-allocator-block-count=8"
    "memorysetup-profiler-allocator-block-size=16777216"
    "memorysetup-profiler-editor-allocator-block-size=1048576"
    "memorysetup-temp-allocator-size-main=16777216"
    "memorysetup-job-temp-allocator-block-size=2097152"
    "memorysetup-job-temp-allocator-block-size-background=1048576"
    "memorysetup-job-temp-allocator-reduction-small-platforms=262144"
    "memorysetup-temp-allocator-size-background-worker=32768"
    "memorysetup-temp-allocator-size-job-worker=262144"
    "memorysetup-temp-allocator-size-preload-manager=33554432"
    "memorysetup-temp-allocator-size-nav-mesh-worker=65536"
    "memorysetup-temp-allocator-size-audio-worker=65536"
    "memorysetup-temp-allocator-size-cloud-worker=32768"
    "memorysetup-temp-allocator-size-gi-baking-worker=262144"
    "memorysetup-temp-allocator-size-gi-baking-worker=262144"
    "memorysetup-temp-allocator-size-gi-baking-worker=262144"
    "memorysetup-temp-allocator-size-gi-baking-worker=262144"
    "memorysetup-temp-allocator-size-gi-baking-worker=262144"
    "memorysetup-temp-allocator-size-gfx=262144"
Player connection [32108]  Target information:

Player connection [32108]  * "[IP] 192.168.1.26 [Port] 0 [Flags] 2 [Guid] 1552175882 [EditorId] 1552175882 [Version] 1048832 [Id] WindowsEditor(7,DESKTOP-6J6BBL8) [Debug] 1 [PackageName] WindowsEditor [ProjectName] Editor" 

Player connection [32108] Host joined multi-casting on [225.0.0.222:54997]...
Player connection [32108] Host joined alternative multi-casting on [225.0.0.222:34997]...
JobSystem: Creating JobQueue using job-worker-count value 7
Input System module state changed to: Initialized.
[Physics::Module] Initialized fallback backend.
[Physics::Module] Id: 0xdecafbad
Library Redirect Path: Library/
[Physics::Module] Selected backend.
[Physics::Module] Name: PhysX
[Physics::Module] Id: 0xf2b8ea05
[Physics::Module] SDK Version: 4.1.2
[Physics::Module] Integration Version: 1.0.0
[Physics::Module] Threading Mode: Multi-Threaded
Refreshing native plugins compatible for Editor in 124.51 ms, found 4 plugins.
Preloading 0 native plugins for Editor in 0.00 ms.
Initialize engine version: 6000.1.0f1 (9ea152932a88)
[Subsystems] Discovering subsystems at path D:/Unity/6000.1.0f1/Editor/Data/Resources/UnitySubsystems
[Subsystems] Discovering subsystems at path C:/Users/brian.DESKTOP-6J6BBL8/OneDrive/Documents/GitHub/GMTKGameJam/GMTKGameJam/TempName/Assets
GfxDevice: creating device client; kGfxThreadingModeNonThreaded
Direct3D:
    Version:         Direct3D 12 [level 12.1]
    Renderer:        NVIDIA GeForce GTX 1660 SUPER (ID=0x21c4)
    Vendor:          NVIDIA
    VRAM:            5966 MB
    App VRAM Budget: 5198 MB
    Driver:          32.0.15.7652
Initialize mono
Mono path[0] = 'D:/Unity/6000.1.0f1/Editor/Data/Managed'
Mono path[1] = 'D:/Unity/6000.1.0f1/Editor/Data/MonoBleedingEdge/lib/mono/unityjit-win32'
Mono config path = 'D:/Unity/6000.1.0f1/Editor/Data/MonoBleedingEdge/etc'
Using monoOptions --debugger-agent=transport=dt_socket,embedding=1,server=y,suspend=n,address=127.0.0.1:56056
Begin MonoManager ReloadAssembly
Registering precompiled unity dll's ...
Register platform support module: D:/Unity/6000.1.0f1/Editor/Data/PlaybackEngines/WindowsStandaloneSupport/UnityEditor.WindowsStandalone.Extensions.dll
Registered in 0.003095 seconds.
- Loaded All Assemblies, in  8.101 seconds
Native extension for WindowsStandalone target not found
Mono: successfully reloaded assembly
- Finished resetting the current domain, in  0.368 seconds
Domain Reload Profiling: 8467ms
	BeginReloadAssembly (7749ms)
		ExecutionOrderSort (0ms)
		DisableScriptedObjects (0ms)
		BackupInstance (0ms)
		ReleaseScriptingObjects (0ms)
		CreateAndSetChildDomain (1ms)
	RebuildCommonClasses (39ms)
	RebuildNativeTypeToScriptingClass (11ms)
	initialDomainReloadingComplete (55ms)
	LoadAllAssembliesAndSetupDomain (246ms)
		LoadAssemblies (7745ms)
		RebuildTransferFunctionScriptingTraits (0ms)
		AnalyzeDomain (243ms)
			TypeCache.Refresh (242ms)
				TypeCache.ScanAssembly (230ms)
			BuildScriptInfoCaches (0ms)
			ResolveRequiredComponents (0ms)
	FinalizeReload (369ms)
		ReleaseScriptCaches (0ms)
		RebuildScriptCaches (0ms)
		SetupLoadedEditorAssemblies (320ms)
			LogAssemblyErrors (0ms)
			InitializePlatformSupportModulesInManaged (56ms)
			SetLoadedEditorAssemblies (3ms)
			BeforeProcessingInitializeOnLoad (55ms)
			ProcessInitializeOnLoadAttributes (140ms)
			ProcessInitializeOnLoadMethodAttributes (66ms)
			AfterProcessingInitializeOnLoad (0ms)
			EditorAssembliesLoaded (0ms)
		ExecutionOrderSort2 (0ms)
		AwakeInstancesAfterBackupRestoration (0ms)
Assertion failed on expression: 'IsFileCreated(assemblyPath)'
Assertion failed on expression: 'IsFileCreated(assemblyPath)'
Assertion failed on expression: 'IsFileCreated(assemblyPath)'
Assertion failed on expression: 'IsFileCreated(assemblyPath)'
Assertion failed on expression: 'IsFileCreated(assemblyPath)'
Assertion failed on expression: 'IsFileCreated(assemblyPath)'
Compilation Pipeline: Could not read file Packages/com.unity.collab-proxy/Editor/Toolbar/Unity.CollabProxy.Editor.asmdef
Fatal Error! Compilation Pipeline: Could not read file Packages/com.unity.collab-proxy/Editor/Toolbar/Unity.CollabProxy.Editor.asmdef
Crash!!!
SymInit: Symbol-SearchPath: 'D:/Unity/6000.1.0f1/Editor/Data/Mono;.;C:\Users\brian.DESKTOP-6J6BBL8\OneDrive\Documents\GitHub\GMTKGameJam\GMTKGameJam\TempName;C:\Users\brian.DESKTOP-6J6BBL8\OneDrive\Documents\GitHub\GMTKGameJam\GMTKGameJam\TempName\Library\BurstCache\JIT;D:\Unity\6000.1.0f1\Editor;C:\WINDOWS;C:\WINDOWS\system32;', symOptions: 534, UserName: 'brian'
OS-Version: 10.0.0
D:\Unity\6000.1.0f1\Editor\Unity.exe:Unity.exe (00007FF7FAE10000), size: 290816 (result: 0), SymType: '-deferred-', PDB: '', fileVersion: 6000.1.0.41298
C:\WINDOWS\SYSTEM32\ntdll.dll:ntdll.dll (00007FFBA6060000), size: 2523136 (result: 0), SymType: '-deferred-', PDB: '', fileVersion: 10.0.26100.4652
C:\WINDOWS\System32\KERNEL32.DLL:KERNEL32.DLL (00007FFBA5530000), size: 823296 (result: 0), SymType: '-deferred-', PDB: '', fileVersion: 10.0.26100.4484
C:\WINDOWS\System32\KERNELBASE.dll:KERNELBASE.dll (00007FFBA3570000), size: 4116480 (result: 0), SymType: '-deferred-', PDB: '', fileVersion: 10.0.26100.4652
C:\WINDOWS\System32\USER32.dll:USER32.dll (00007FFBA5650000), size: 1884160 (result: 0), SymType: '-deferred-', PDB: '', fileVersion: 10.0.26100.4484
C:\WINDOWS\System32\win32u.dll:win32u.dll (00007FFBA31B0000), size: 159744 (result: 0), SymType: '-deferred-', PDB: '', fileVersion: 10.0.26100.4652
C:\WINDOWS\System32\GDI32.dll:GDI32.dll (00007FFBA5820000), size: 176128 (result: 0), SymType: '-deferred-', PDB: '', fileVersion: 10.0.26100.4484
C:\WINDOWS\System32\gdi32full.dll:gdi32full.dll (00007FFBA3960000), size: 1273856 (result: 0), SymType: '-deferred-', PDB: '', fileVersion: 10.0.26100.4652
C:\WINDOWS\System32\msvcp_win.dll:msvcp_win.dll (00007FFBA34C0000), size: 667648 (result: 0), SymType: '-deferred-', PDB: '', fileVersion: 10.0.26100.4652
C:\WINDOWS\System32\ucrtbase.dll:ucrtbase.dll (00007FFBA3B30000), size: 1355776 (result: 0), SymType: '-deferred-', PDB: '', fileVersion: 10.0.26100.4652
C:\WINDOWS\System32\IMM32.DLL:IMM32.DLL (00007FFBA5B30000), size: 192512 (result: 0), SymType: '-deferred-', PDB: '', fileVersion: 10.0.26100.4484
D:\Unity\6000.1.0f1\Editor\Unity.dll:Unity.dll (00007FFAE8C70000), size: 86827008 (result: 0), SymType: '-deferred-', PDB: '', fileVersion: 6000.1.0.41298
C:\WINDOWS\System32\CRYPT32.dll:CRYPT32.dll (00007FFBA31E0000), size: 1536000 (result: 0), SymType: '-deferred-', PDB: '', fileVersion: 10.0.26100.3775
C:\WINDOWS\System32\ADVAPI32.dll:ADVAPI32.dll (00007FFBA4AE0000), size: 737280 (result: 0), SymType: '-deferred-', PDB: '', fileVersion: 10.0.26100.4652
D:\Unity\6000.1.0f1\Editor\libfbxsdk.dll:libfbxsdk.dll (00007FFB35D60000), size: 8019968 (result: 0), SymType: '-deferred-', PDB: '', fileVersion: 2020.3.7.0
D:\Unity\6000.1.0f1\Editor\s3tcompress.dll:s3tcompress.dll (00007FFB5B800000), size: 180224 (result: 0), SymType: '-deferred-', PDB: ''
D:\Unity\6000.1.0f1\Editor\etccompress.dll:etccompress.dll (00007FFB35720000), size: 5070848 (result: 0), SymType: '-deferred-', PDB: ''
C:\WINDOWS\System32\msvcrt.dll:msvcrt.dll (00007FFBA4D20000), size: 692224 (result: 0), SymType: '-deferred-', PDB: '', fileVersion: 7.0.26100.4652
C:\WINDOWS\System32\sechost.dll:sechost.dll (00007FFBA5C70000), size: 679936 (result: 0), SymType: '-deferred-', PDB: '', fileVersion: 10.0.26100.4652
C:\WINDOWS\System32\RPCRT4.dll:RPCRT4.dll (00007FFBA5860000), size: 1146880 (result: 0), SymType: '-deferred-', PDB: '', fileVersion: 10.0.26100.4652
C:\WINDOWS\System32\ole32.dll:ole32.dll (00007FFBA5380000), size: 1695744 (result: 0), SymType: '-deferred-', PDB: '', fileVersion: 10.0.26100.4484
C:\WINDOWS\System32\combase.dll:combase.dll (00007FFBA4ED0000), size: 3694592 (result: 0), SymType: '-deferred-', PDB: '', fileVersion: 10.0.26100.4652
C:\WINDOWS\System32\SETUPAPI.dll:SETUPAPI.dll (00007FFBA3E90000), size: 4743168 (result: 0), SymType: '-deferred-', PDB: '', fileVersion: 10.0.26100.4484
C:\WINDOWS\System32\SHELL32.dll:SHELL32.dll (00007FFBA4390000), size: 7643136 (result: 0), SymType: '-deferred-', PDB: '', fileVersion: 10.0.26100.4484
C:\WINDOWS\System32\wintypes.dll:wintypes.dll (00007FFBA3C80000), size: 1523712 (result: 0), SymType: '-deferred-', PDB: '', fileVersion: 10.0.26100.4484
C:\WINDOWS\System32\SHLWAPI.dll:SHLWAPI.dll (00007FFBA5260000), size: 434176 (result: 0), SymType: '-deferred-', PDB: '', fileVersion: 10.0.26100.4484
C:\WINDOWS\System32\WS2_32.dll:WS2_32.dll (00007FFBA4DD0000), size: 475136 (result: 0), SymType: '-deferred-', PDB: '', fileVersion: 10.0.26100.4652
C:\WINDOWS\System32\OLEAUT32.dll:OLEAUT32.dll (00007FFBA5B80000), size: 917504 (result: 0), SymType: '-deferred-', PDB: '', fileVersion: 10.0.26100.4484
C:\WINDOWS\System32\WINTRUST.dll:WINTRUST.dll (00007FFBA3AA0000), size: 540672 (result: 0), SymType: '-deferred-', PDB: '', fileVersion: 10.0.26100.4652
D:\Unity\6000.1.0f1\Editor\ispc_texcomp.dll:ispc_texcomp.dll (00007FFB43EE0000), size: 1826816 (result: 0), SymType: '-deferred-', PDB: ''
D:\Unity\6000.1.0f1\Editor\compress_bc7e.dll:compress_bc7e.dll (00007FFB43220000), size: 1433600 (result: 0), SymType: '-deferred-', PDB: ''
D:\Unity\6000.1.0f1\Editor\FreeImage.dll:FreeImage.dll (0000000180000000), size: 5783552 (result: 0), SymType: '-deferred-', PDB: '', fileVersion: 3.18.0.0
D:\Unity\6000.1.0f1\Editor\WinPixEventRuntime.dll:WinPixEventRuntime.dll (00007FFB76110000), size: 53248 (result: 0), SymType: '-deferred-', PDB: '', fileVersion: 1.0.2201.24001
D:\Unity\6000.1.0f1\Editor\umbraoptimizer64.dll:umbraoptimizer64.dll (00007FFB436B0000), size: 1187840 (result: 0), SymType: '-deferred-', PDB: ''
C:\WINDOWS\SYSTEM32\bcrypt.dll:bcrypt.dll (00007FFBA3090000), size: 155648 (result: 0), SymType: '-deferred-', PDB: '', fileVersion: 10.0.26100.4652
C:\WINDOWS\WinSxS\amd64_microsoft.windows.common-controls_6595b64144ccf1df_6.0.26100.4484_none_3e0e6d4ce32ef3b3\COMCTL32.dll:COMCTL32.dll (00007FFB89F70000), size: 2727936 (result: 0), SymType: '-deferred-', PDB: '', fileVersion: 6.10.26100.4484
C:\WINDOWS\SYSTEM32\d3d11.dll:d3d11.dll (00007FFB9F670000), size: 2519040 (result: 0), SymType: '-deferred-', PDB: '', fileVersion: 10.0.26100.4484
C:\WINDOWS\SYSTEM32\d3d12.dll:d3d12.dll (00007FFB8D350000), size: 143360 (result: 0), SymType: '-deferred-', PDB: '', fileVersion: 10.0.26100.3624
C:\WINDOWS\SYSTEM32\dwmapi.dll:dwmapi.dll (00007FFBA0780000), size: 221184 (result: 0), SymType: '-deferred-', PDB: '', fileVersion: 10.0.26100.4484
C:\WINDOWS\SYSTEM32\dxgi.dll:dxgi.dll (00007FFBA0620000), size: 1277952 (result: 0), SymType: '-deferred-', PDB: '', fileVersion: 10.0.26100.4652
C:\WINDOWS\SYSTEM32\IPHLPAPI.DLL:IPHLPAPI.DLL (00007FFBA1980000), size: 208896 (result: 0), SymType: '-deferred-', PDB: '', fileVersion: 10.0.26100.4484
C:\WINDOWS\SYSTEM32\HID.DLL:HID.DLL (00007FFBA1690000), size: 61440 (result: 0), SymType: '-deferred-', PDB: '', fileVersion: 10.0.26100.1150
C:\WINDOWS\SYSTEM32\OPENGL32.dll:OPENGL32.dll (00007FFB855C0000), size: 1146880 (result: 0), SymType: '-deferred-', PDB: '', fileVersion: 10.0.26100.4484
C:\WINDOWS\SYSTEM32\WINHTTP.dll:WINHTTP.dll (00007FFB9C560000), size: 1171456 (result: 0), SymType: '-deferred-', PDB: '', fileVersion: 10.0.26100.4484
C:\WINDOWS\SYSTEM32\WINMM.dll:WINMM.dll (00007FFB97900000), size: 217088 (result: 0), SymType: '-deferred-', PDB: '', fileVersion: 10.0.26100.4202
C:\WINDOWS\SYSTEM32\GLU32.dll:GLU32.dll (00007FFB84F90000), size: 184320 (result: 0), SymType: '-deferred-', PDB: '', fileVersion: 10.0.26100.1150
D:\Unity\6000.1.0f1\Editor\SketchUpAPI.dll:SketchUpAPI.dll (00007FFB32D80000), size: 8990720 (result: 0), SymType: '-deferred-', PDB: '', fileVersion: 23.0.0.0
D:\Unity\6000.1.0f1\Editor\NativeProxyHelper.dll:NativeProxyHelper.dll (00007FFB3F400000), size: 1789952 (result: 0), SymType: '-deferred-', PDB: ''
C:\WINDOWS\SYSTEM32\VERSION.dll:VERSION.dll (00007FFB9D2C0000), size: 45056 (result: 0), SymType: '-deferred-', PDB: '', fileVersion: 10.0.26100.1150
C:\WINDOWS\SYSTEM32\WSOCK32.dll:WSOCK32.dll (00007FFB9CB20000), size: 40960 (result: 0), SymType: '-deferred-', PDB: '', fileVersion: 10.0.26100.1
C:\WINDOWS\SYSTEM32\MSVCP140.dll:MSVCP140.dll (00007FFB84680000), size: 561152 (result: 0), SymType: '-deferred-', PDB: '', fileVersion: 14.44.35211.0
C:\WINDOWS\SYSTEM32\VCRUNTIME140.dll:VCRUNTIME140.dll (00007FFB84710000), size: 122880 (result: 0), SymType: '-deferred-', PDB: '', fileVersion: 14.44.35211.0
C:\WINDOWS\SYSTEM32\VCRUNTIME140_1.dll:VCRUNTIME140_1.dll (00007FFB84EA0000), size: 49152 (result: 0), SymType: '-deferred-', PDB: '', fileVersion: 14.44.35211.0
C:\WINDOWS\SYSTEM32\dxcore.dll:dxcore.dll (00007FFBA0560000), size: 315392 (result: 0), SymType: '-deferred-', PDB: '', fileVersion: 10.0.26100.4484
D:\Unity\6000.1.0f1\Editor\SketchUpCommonPreferences.dll:SketchUpCommonPreferences.dll (00007FFB597C0000), size: 499712 (result: 0), SymType: '-deferred-', PDB: '', fileVersion: 23.0.0.0
C:\WINDOWS\SYSTEM32\Secur32.dll:Secur32.dll (00007FFBA0400000), size: 53248 (result: 0), SymType: '-deferred-', PDB: '', fileVersion: 10.0.26100.1
C:\WINDOWS\SYSTEM32\SSPICLI.DLL:SSPICLI.DLL (00007FFBA2200000), size: 299008 (result: 0), SymType: '-deferred-', PDB: '', fileVersion: 10.0.26100.4484
D:\Unity\6000.1.0f1\Editor\OpenRL.dll:OpenRL.dll (00000205CD930000), size: 12779520 (result: 0), SymType: '-deferred-', PDB: '', fileVersion: 1.5.0.2907
C:\WINDOWS\SYSTEM32\cfgmgr32.DLL:cfgmgr32.DLL (00007FFBA2CF0000), size: 356352 (result: 0), SymType: '-deferred-', PDB: '', fileVersion: 10.0.26100.4202
C:\WINDOWS\SYSTEM32\MSVCP100.dll:MSVCP100.dll (0000000062AF0000), size: 622592 (result: 0), SymType: '-deferred-', PDB: '', fileVersion: 10.0.40219.325
C:\WINDOWS\SYSTEM32\MSVCR100.dll:MSVCR100.dll (0000000062B90000), size: 860160 (result: 0), SymType: '-deferred-', PDB: '', fileVersion: 10.0.40219.325
D:\Unity\6000.1.0f1\Editor\embree.dll:embree.dll (00007FFB2B650000), size: 16711680 (result: 0), SymType: '-deferred-', PDB: '', fileVersion: 2.14.0.0
C:\WINDOWS\SYSTEM32\MSWSOCK.DLL:MSWSOCK.DLL (00007FFBA24E0000), size: 434176 (result: 0), SymType: '-deferred-', PDB: '', fileVersion: 10.0.26100.4202
D:\Unity\6000.1.0f1\Editor\tbb.dll:tbb.dll (00007FFB5A540000), size: 303104 (result: 0), SymType: '-deferred-', PDB: '', fileVersion: 2020.3.2022.1111
D:\Unity\6000.1.0f1\Editor\OpenRL_pthread.dll:OpenRL_pthread.dll (00000205CC280000), size: 61440 (result: 0), SymType: '-deferred-', PDB: '', fileVersion: 2.9.0.0
C:\WINDOWS\SYSTEM32\directxdatabasehelper.dll:directxdatabasehelper.dll (00007FFBA05B0000), size: 409600 (result: 0), SymType: '-deferred-', PDB: '', fileVersion: 10.0.26100.4484
C:\WINDOWS\SYSTEM32\kernel.appcore.dll:kernel.appcore.dll (00007FFBA1F50000), size: 110592 (result: 0), SymType: '-deferred-', PDB: '', fileVersion: 10.0.26100.4202
C:\WINDOWS\System32\bcryptPrimitives.dll:bcryptPrimitives.dll (00007FFBA3420000), size: 626688 (result: 0), SymType: '-deferred-', PDB: '', fileVersion: 10.0.26100.4652
C:\WINDOWS\SYSTEM32\MSASN1.dll:MSASN1.dll (00007FFBA28C0000), size: 77824 (result: 0), SymType: '-deferred-', PDB: '', fileVersion: 10.0.26100.4652
C:\WINDOWS\system32\uxtheme.dll:uxtheme.dll (00007FFBA0460000), size: 716800 (result: 0), SymType: '-deferred-', PDB: '', fileVersion: 10.0.26100.4484
C:\WINDOWS\SYSTEM32\windows.storage.dll:windows.storage.dll (00007FFBA0E30000), size: 8761344 (result: 0), SymType: '-deferred-', PDB: '', fileVersion: 10.0.26100.4484
C:\WINDOWS\System32\SHCORE.dll:SHCORE.dll (00007FFBA5980000), size: 1003520 (result: 0), SymType: '-deferred-', PDB: '', fileVersion: 10.0.26100.4652
C:\WINDOWS\SYSTEM32\profapi.dll:profapi.dll (00007FFBA30C0000), size: 192512 (result: 0), SymType: '-deferred-', PDB: '', fileVersion: 10.0.26100.4484
C:\WINDOWS\system32\IconCodecService.dll:IconCodecService.dll (00007FFB9C360000), size: 45056 (result: 0), SymType: '-deferred-', PDB: '', fileVersion: 10.0.26100.1
C:\WINDOWS\SYSTEM32\WindowsCodecs.dll:WindowsCodecs.dll (00007FFB9F1C0000), size: 2338816 (result: 0), SymType: '-deferred-', PDB: '', fileVersion: 10.0.26100.4652
C:\WINDOWS\System32\clbcatq.dll:clbcatq.dll (00007FFBA5A80000), size: 688128 (result: 0), SymType: '-deferred-', PDB: '', fileVersion: 2001.12.10941.16384
C:\WINDOWS\System32\netprofm.dll:netprofm.dll (00007FFB9D870000), size: 413696 (result: 0), SymType: '-deferred-', PDB: '', fileVersion: 10.0.26100.4484
C:\WINDOWS\System32\NSI.dll:NSI.dll (00007FFBA5850000), size: 40960 (result: 0), SymType: '-deferred-', PDB: '', fileVersion: 10.0.26100.4652
C:\WINDOWS\SYSTEM32\dhcpcsvc6.DLL:dhcpcsvc6.DLL (00007FFB9C810000), size: 126976 (result: 0), SymType: '-deferred-', PDB: '', fileVersion: 10.0.26100.4652
C:\WINDOWS\SYSTEM32\dhcpcsvc.DLL:dhcpcsvc.DLL (00007FFB9C6A0000), size: 151552 (result: 0), SymType: '-deferred-', PDB: '', fileVersion: 10.0.26100.4652
C:\WINDOWS\SYSTEM32\DNSAPI.dll:DNSAPI.dll (00007FFBA1A10000), size: 1204224 (result: 0), SymType: '-deferred-', PDB: '', fileVersion: 10.0.26100.4484
C:\WINDOWS\system32\napinsp.dll:napinsp.dll (00007FFB7D1C0000), size: 98304 (result: 0), SymType: '-deferred-', PDB: '', fileVersion: 10.0.26100.1150
C:\WINDOWS\System32\winrnr.dll:winrnr.dll (00007FFB7D1A0000), size: 73728 (result: 0), SymType: '-deferred-', PDB: '', fileVersion: 10.0.26100.1882
C:\WINDOWS\system32\nlansp_c.dll:nlansp_c.dll (00007FFB7D160000), size: 196608 (result: 0), SymType: '-deferred-', PDB: '', fileVersion: 10.0.26100.4484
C:\WINDOWS\System32\npmproxy.dll:npmproxy.dll (00007FFB97C60000), size: 102400 (result: 0), SymType: '-deferred-', PDB: '', fileVersion: 10.0.26100.1150
C:\WINDOWS\system32\wshbth.dll:wshbth.dll (00007FFB7D130000), size: 131072 (result: 0), SymType: '-deferred-', PDB: '', fileVersion: 10.0.26100.4061
C:\WINDOWS\System32\fwpuclnt.dll:fwpuclnt.dll (00007FFB98180000), size: 548864 (result: 0), SymType: '-deferred-', PDB: '', fileVersion: 10.0.26100.4652
C:\Windows\System32\rasadhlp.dll:rasadhlp.dll (00007FFB9C690000), size: 45056 (result: 0), SymType: '-deferred-', PDB: '', fileVersion: 10.0.26100.1150
D:\Unity\6000.1.0f1\Editor\AMDUnityPlugin.DLL:AMDUnityPlugin.DLL (00007FFB2ADE0000), size: 8814592 (result: 0), SymType: '-deferred-', PDB: ''
D:\Unity\6000.1.0f1\Editor\NVUnityPlugin.DLL:NVUnityPlugin.DLL (00007FFB370E0000), size: 1609728 (result: 0), SymType: '-deferred-', PDB: ''
D:\Unity\6000.1.0f1\Editor\Data\Tools\astcenc-avx2.dll:astcenc-avx2.dll (00007FFB460D0000), size: 352256 (result: 0), SymType: '-deferred-', PDB: ''
C:\WINDOWS\System32\MMDevApi.dll:MMDevApi.dll (00007FFB91560000), size: 655360 (result: 0), SymType: '-deferred-', PDB: '', fileVersion: 10.0.26100.4484
C:\WINDOWS\System32\DEVOBJ.dll:DEVOBJ.dll (00007FFBA2D50000), size: 184320 (result: 0), SymType: '-deferred-', PDB: '', fileVersion: 10.0.26100.1150
C:\WINDOWS\SYSTEM32\D3D12Core.dll:D3D12Core.dll (00007FFB59840000), size: 2584576 (result: 0), SymType: '-deferred-', PDB: '', fileVersion: 10.0.26100.4484
C:\WINDOWS\System32\DriverStore\FileRepository\nv_dispi.inf_amd64_2c61c4d89b199ea8\nvldumdx.dll:nvldumdx.dll (00007FFB9CB40000), size: 794624 (result: 0), SymType: '-deferred-', PDB: '', fileVersion: 32.0.15.7652
C:\WINDOWS\SYSTEM32\cryptnet.dll:cryptnet.dll (00007FFB9CA80000), size: 241664 (result: 0), SymType: '-deferred-', PDB: '', fileVersion: 10.0.26100.3624
C:\WINDOWS\SYSTEM32\cryptbase.dll:cryptbase.dll (00007FFBA2790000), size: 49152 (result: 0), SymType: '-deferred-', PDB: '', fileVersion: 10.0.26100.4652
C:\WINDOWS\SYSTEM32\wldp.dll:wldp.dll (00007FFBA2850000), size: 438272 (result: 0), SymType: '-deferred-', PDB: '', fileVersion: 10.0.26100.4484
C:\WINDOWS\SYSTEM32\drvstore.dll:drvstore.dll (00007FFB9C840000), size: 1556480 (result: 0), SymType: '-deferred-', PDB: '', fileVersion: 10.0.26100.4484
C:\WINDOWS\System32\imagehlp.dll:imagehlp.dll (00007FFBA52D0000), size: 131072 (result: 0), SymType: '-deferred-', PDB: '', fileVersion: 10.0.26100.4202
C:\WINDOWS\SYSTEM32\CRYPTSP.dll:CRYPTSP.dll (00007FFBA27A0000), size: 110592 (result: 0), SymType: '-deferred-', PDB: '', fileVersion: 10.0.26100.4652
C:\WINDOWS\system32\rsaenh.dll:rsaenh.dll (00007FFBA1EB0000), size: 241664 (result: 0), SymType: '-deferred-', PDB: '', fileVersion: 10.0.26100.4652
C:\WINDOWS\System32\DriverStore\FileRepository\nv_dispi.inf_amd64_2c61c4d89b199ea8\nvgpucomp64.dll:nvgpucomp64.dll (00007FFB982C0000), size: 61546496 (result: 0), SymType: '-deferred-', PDB: '', fileVersion: 32.0.15.7652
C:\WINDOWS\System32\DriverStore\FileRepository\nv_dispi.inf_amd64_2c61c4d89b199ea8\Display.NvContainer\NvMessageBus.dll:NvMessageBus.dll (00007FFB8CE00000), size: 3551232 (result: 0), SymType: '-deferred-', PDB: '', fileVersion: 3.15.3538.9611
C:\WINDOWS\System32\DriverStore\FileRepository\nv_dispi.inf_amd64_2c61c4d89b199ea8\NvMemMapStoragex.dll:NvMemMapStoragex.dll (00007FFB97940000), size: 901120 (result: 0), SymType: '-deferred-', PDB: ''
C:\WINDOWS\SYSTEM32\POWRPROF.dll:POWRPROF.dll (00007FFBA3000000), size: 385024 (result: 0), SymType: '-deferred-', PDB: '', fileVersion: 10.0.26100.3912
C:\WINDOWS\SYSTEM32\UMPDC.dll:UMPDC.dll (00007FFBA2FE0000), size: 81920 (result: 0), SymType: '-deferred-', PDB: '', fileVersion: 10.0.26100.1301
C:\WINDOWS\System32\DriverStore\FileRepository\nv_dispi.inf_amd64_2c61c4d89b199ea8\nvwgf2umx.dll:nvwgf2umx.dll (00007FFB91DF0000), size: 88805376 (result: 0), SymType: '-deferred-', PDB: '', fileVersion: 32.0.15.7652
C:\WINDOWS\system32\nvspcap64.dll:nvspcap64.dll (00007FFB81AF0000), size: 3227648 (result: 0), SymType: '-deferred-', PDB: '', fileVersion: 11.0.4.148
C:\WINDOWS\SYSTEM32\ntmarta.dll:ntmarta.dll (00007FFBA2080000), size: 221184 (result: 0), SymType: '-deferred-', PDB: '', fileVersion: 10.0.26100.4202
C:\WINDOWS\System32\DriverStore\FileRepository\nv_dispi.inf_amd64_2c61c4d89b199ea8\nvppex.dll:nvppex.dll (00007FFB80F00000), size: 1785856 (result: 0), SymType: '-deferred-', PDB: '', fileVersion: 32.0.15.7652
C:\WINDOWS\SYSTEM32\D3DSCache.dll:D3DSCache.dll (00007FFB8B8C0000), size: 188416 (result: 0), SymType: '-deferred-', PDB: '', fileVersion: 10.0.26100.3624
C:\WINDOWS\SYSTEM32\USERENV.dll:USERENV.dll (00007FFBA2580000), size: 176128 (result: 0), SymType: '-deferred-', PDB: '', fileVersion: 10.0.26100.2454
D:\Unity\6000.1.0f1\Editor\DirectML.dll:DirectML.dll (00007FFAFFC80000), size: 14061568 (result: 0), SymType: '-deferred-', PDB: '', fileVersion: 1.13.1.0
C:\WINDOWS\SYSTEM32\DXGIDebug.dll:DXGIDebug.dll (00007FFB8D320000), size: 151552 (result: 0), SymType: '-deferred-', PDB: '', fileVersion: 10.0.26100.1882
C:\WINDOWS\SYSTEM32\d3d11on12.dll:d3d11on12.dll (00007FFB44590000), size: 663552 (result: 0), SymType: '-deferred-', PDB: '', fileVersion: 10.0.26100.4484
C:\WINDOWS\system32\wbem\wbemprox.dll:wbemprox.dll (00007FFB8C730000), size: 73728 (result: 0), SymType: '-deferred-', PDB: '', fileVersion: 10.0.26100.4202
C:\WINDOWS\SYSTEM32\wbemcomn.dll:wbemcomn.dll (00007FFB8C6B0000), size: 499712 (result: 0), SymType: '-deferred-', PDB: '', fileVersion: 10.0.26100.1150
C:\WINDOWS\system32\wbem\wbemsvc.dll:wbemsvc.dll (00007FFB8C090000), size: 86016 (result: 0), SymType: '-deferred-', PDB: '', fileVersion: 10.0.26100.4202
C:\WINDOWS\system32\wbem\fastprox.dll:fastprox.dll (00007FFB8C0B0000), size: 983040 (result: 0), SymType: '-deferred-', PDB: '', fileVersion: 10.0.26100.3624
C:\WINDOWS\SYSTEM32\amsi.dll:amsi.dll (00007FFB7CC50000), size: 118784 (result: 0), SymType: '-deferred-', PDB: '', fileVersion: 10.0.26100.1150
C:\ProgramData\Microsoft\Windows Defender\Platform\4.18.25060.7-0\MpOav.dll:MpOav.dll (00007FFB7CBB0000), size: 655360 (result: 0), SymType: '-deferred-', PDB: '', fileVersion: 4.18.25060.7
C:\WINDOWS\SYSTEM32\opencl.dll:opencl.dll (00007FFB44510000), size: 483328 (result: 0), SymType: '-deferred-', PDB: '', fileVersion: 3.0.6.0
D:\Unity\6000.1.0f1\Editor\radeonrays.dll:radeonrays.dll (00007FFB5B5A0000), size: 344064 (result: 0), SymType: '-deferred-', PDB: ''
D:\Unity\6000.1.0f1\Editor\Data\MonoBleedingEdge\EmbedRuntime\mono-2.0-bdwgc.dll:mono-2.0-bdwgc.dll (00007FFAD16A0000), size: 10756096 (result: 0), SymType: '-deferred-', PDB: ''
C:\WINDOWS\SYSTEM32\dbghelp.dll:dbghelp.dll (00007FFB8E6F0000), size: 2363392 (result: 0), SymType: '-deferred-', PDB: '', fileVersion: 10.0.26100.4202

========== OUTPUTTING STACK TRACE ==================

0x00007FFBA3637F9A (KERNELBASE) RaiseException
0x00007FFAEA831A19 (Unity) EditorMonoConsole::LogToConsoleImplementation
0x00007FFAEA832700 (Unity) EditorMonoConsole::LogToConsoleImplementation
0x00007FFAEB4AD63D (Unity) DebugStringToFilePostprocessedStacktrace
0x00007FFAEB4AC9B9 (Unity) DebugStringToFile
0x00007FFAEADC27E0 (Unity) RegisterAssemblyDefinition
0x00007FFAEB1E9AA5 (Unity) ProcessAssemblyAssets
0x00007FFAEB1EA7F6 (Unity) UpdateScriptCompilationPipelineCaches
0x00007FFAEB0C66A4 (Unity) InitializeScriptPipelineCaches
0x00007FFAEA933803 (Unity) Application::InitializeProject
0x00007FFAEAF18783 (Unity) UnityMain
0x00007FF7FAE12F2A (Unity) __scrt_common_main_seh
0x00007FFBA555E8D7 (KERNEL32) BaseThreadInitThunk
0x00007FFBA609C34C (ntdll) RtlUserThreadStart

========== END OF STACKTRACE ===========

A crash has been intercepted by the crash handler. For call stack and other details, see the latest crash report generated in:
 * C:/Users/BRIAN~1.DES/AppData/Local/Temp/Unity/Editor/Crashes
